<html>
<head>
<title>TestNG:  BasicUIAutoTestSuiteCaseM1</title>
<link href="../testng.css" rel="stylesheet" type="text/css" />
<link href="../my-testng.css" rel="stylesheet" type="text/css" />

<style type="text/css">
.log { display: none;} 
.stack-trace { display: none;} 
</style>
<script type="text/javascript">
<!--
function flip(e) {
  current = e.style.display;
  if (current == 'block') {
    e.style.display = 'none';
    return 0;
  }
  else {
    e.style.display = 'block';
    return 1;
  }
}

function toggleBox(szDivId, elem, msg1, msg2)
{
  var res = -1;  if (document.getElementById) {
    res = flip(document.getElementById(szDivId));
  }
  else if (document.all) {
    // this is the way old msie versions work
    res = flip(document.all[szDivId]);
  }
  if(elem) {
    if(res == 0) elem.innerHTML = msg1; else elem.innerHTML = msg2;
  }

}

function toggleAllBoxes() {
  if (document.getElementsByTagName) {
    d = document.getElementsByTagName('div');
    for (i = 0; i < d.length; i++) {
      if (d[i].className == 'log') {
        flip(d[i]);
      }
    }
  }
}

// -->
</script>

</head>
<body>
<h2 align='center'>BasicUIAutoTestSuiteCaseM1</h2><table border='1' align="center">
<tr>
<td>Tests passed/Failed/Skipped:</td><td>15/1/0</td>
</tr><tr>
<td>Started on:</td><td>Tue Apr 18 18:02:46 IST 2017</td>
</tr>
<tr><td>Total time:</td><td>71 seconds (71885 ms)</td>
</tr><tr>
<td>Included groups:</td><td></td>
</tr><tr>
<td>Excluded groups:</td><td></td>
</tr>
</table><p/>
<small><i>(Hover the method name to see the test class name)</i></small><p/>
<table width='100%' border='1' class='invocation-failed'>
<tr><td colspan='4' align='center'><b>FAILED TESTS</b></td></tr>
<tr><td><b>Test method</b></td>
<td width="30%"><b>Exception</b></td>
<td width="10%"><b>Time (seconds)</b></td>
<td><b>Instance</b></td>
</tr>
<tr>
<td title='com.stta.BasicUIAutoTestSuite.BasicUIAutoTestSuiteCaseM.BasicUIAutoTestSuiteCaseMTest()'><b>BasicUIAutoTestSuiteCaseMTest</b><br>Test class: com.stta.BasicUIAutoTestSuite.BasicUIAutoTestSuiteCaseM<br>Parameters: CLICK, btn_next_visit, id, , 9.3446E-5 secs</td>
<td><div><pre>java.lang.AssertionError: The following asserts failed:
	expected [false] but found [true]
	at com.stta.BasicUIAutoTestSuite.BasicUIAutoTestSuiteCaseM.BasicUIAutoTestSuiteCaseMTest(BasicUIAutoTestSuiteCaseM.java:137)
... Removed 27 stack frames</pre></div><a href='#' onClick='toggleBox("stack-trace2061440682", this, "Click to show all stack frames", "Click to hide stack frames")'>Click to show all stack frames</a>
<div class='stack-trace' id='stack-trace2061440682'><pre>java.lang.AssertionError: The following asserts failed:
	expected [false] but found [true]
	at org.testng.asserts.SoftAssert.assertAll(SoftAssert.java:43)
	at com.stta.BasicUIAutoTestSuite.BasicUIAutoTestSuiteCaseM.BasicUIAutoTestSuiteCaseMTest(BasicUIAutoTestSuiteCaseM.java:137)
	at sun.reflect.NativeMethodAccessorImpl.invoke0(Native Method)
	at sun.reflect.NativeMethodAccessorImpl.invoke(Unknown Source)
	at sun.reflect.DelegatingMethodAccessorImpl.invoke(Unknown Source)
	at java.lang.reflect.Method.invoke(Unknown Source)
	at org.testng.internal.MethodInvocationHelper.invokeMethod(MethodInvocationHelper.java:108)
	at org.testng.internal.Invoker.invokeMethod(Invoker.java:661)
	at org.testng.internal.Invoker.invokeTestMethod(Invoker.java:869)
	at org.testng.internal.Invoker.invokeTestMethods(Invoker.java:1193)
	at org.testng.internal.TestMethodWorker.invokeTestMethods(TestMethodWorker.java:126)
	at org.testng.internal.TestMethodWorker.run(TestMethodWorker.java:109)
	at org.testng.TestRunner.privateRun(TestRunner.java:744)
	at org.testng.TestRunner.run(TestRunner.java:602)
	at org.testng.SuiteRunner.runTest(SuiteRunner.java:380)
	at org.testng.SuiteRunner.runSequentially(SuiteRunner.java:375)
	at org.testng.SuiteRunner.privateRun(SuiteRunner.java:340)
	at org.testng.SuiteRunner.run(SuiteRunner.java:289)
	at org.testng.SuiteRunnerWorker.runSuite(SuiteRunnerWorker.java:52)
	at org.testng.SuiteRunnerWorker.run(SuiteRunnerWorker.java:86)
	at org.testng.TestNG.runSuitesSequentially(TestNG.java:1301)
	at org.testng.TestNG.runSuitesSequentially(TestNG.java:1297)
	at org.testng.TestNG.runSuitesLocally(TestNG.java:1226)
	at org.testng.TestNG.runSuites(TestNG.java:1144)
	at org.testng.TestNG.run(TestNG.java:1115)
	at org.testng.remote.AbstractRemoteTestNG.run(AbstractRemoteTestNG.java:132)
	at org.testng.remote.RemoteTestNG.initAndRun(RemoteTestNG.java:230)
	at org.testng.remote.RemoteTestNG.main(RemoteTestNG.java:76)
</pre></div></td>
<td>15</td>
<td>com.stta.BasicUIAutoTestSuite.BasicUIAutoTestSuiteCaseM@76f2b07d</td></tr>
</table><p>
<table width='100%' border='1' class='invocation-passed'>
<tr><td colspan='4' align='center'><b>PASSED TESTS</b></td></tr>
<tr><td><b>Test method</b></td>
<td width="30%"><b>Exception</b></td>
<td width="10%"><b>Time (seconds)</b></td>
<td><b>Instance</b></td>
</tr>
<tr>
<td title='com.stta.BasicUIAutoTestSuite.BasicUIAutoTestSuiteCaseM.BasicUIAutoTestSuiteCaseMTest()'><b>BasicUIAutoTestSuiteCaseMTest</b><br>Test class: com.stta.BasicUIAutoTestSuite.BasicUIAutoTestSuiteCaseM<br>Parameters: STARTAPPIUM, , , PARALLEL, 15.0097379 secs</td>
<td></td>
<td>15</td>
<td>com.stta.BasicUIAutoTestSuite.BasicUIAutoTestSuiteCaseM@76f2b07d</td></tr>
<tr>
<td title='com.stta.BasicUIAutoTestSuite.BasicUIAutoTestSuiteCaseM.BasicUIAutoTestSuiteCaseMTest()'><b>BasicUIAutoTestSuiteCaseMTest</b><br>Test class: com.stta.BasicUIAutoTestSuite.BasicUIAutoTestSuiteCaseM<br>Parameters: LOADAPP, , , PARALLEL, 31.743043091 secs</td>
<td></td>
<td>10</td>
<td>com.stta.BasicUIAutoTestSuite.BasicUIAutoTestSuiteCaseM@76f2b07d</td></tr>
<tr>
<td title='com.stta.BasicUIAutoTestSuite.BasicUIAutoTestSuiteCaseM.BasicUIAutoTestSuiteCaseMTest()'><b>BasicUIAutoTestSuiteCaseMTest</b><br>Test class: com.stta.BasicUIAutoTestSuite.BasicUIAutoTestSuiteCaseM<br>Parameters: CLICK, btn_create_merchant, id, , 0.001485819 secs</td>
<td></td>
<td>0</td>
<td>com.stta.BasicUIAutoTestSuite.BasicUIAutoTestSuiteCaseM@76f2b07d</td></tr>
<tr>
<td title='com.stta.BasicUIAutoTestSuite.BasicUIAutoTestSuiteCaseM.BasicUIAutoTestSuiteCaseMTest()'><b>BasicUIAutoTestSuiteCaseMTest</b><br>Test class: com.stta.BasicUIAutoTestSuite.BasicUIAutoTestSuiteCaseM<br>Parameters: ENTER, edt_merchant_name, id, priyanktest, 5.4385E-5 secs</td>
<td></td>
<td>8</td>
<td>com.stta.BasicUIAutoTestSuite.BasicUIAutoTestSuiteCaseM@76f2b07d</td></tr>
<tr>
<td title='com.stta.BasicUIAutoTestSuite.BasicUIAutoTestSuiteCaseM.BasicUIAutoTestSuiteCaseMTest()'><b>BasicUIAutoTestSuiteCaseMTest</b><br>Test class: com.stta.BasicUIAutoTestSuite.BasicUIAutoTestSuiteCaseM<br>Parameters: DISMISSKEYBOARD, , , , 9.2545E-5 secs</td>
<td></td>
<td>0</td>
<td>com.stta.BasicUIAutoTestSuite.BasicUIAutoTestSuiteCaseM@76f2b07d</td></tr>
<tr>
<td title='com.stta.BasicUIAutoTestSuite.BasicUIAutoTestSuiteCaseM.BasicUIAutoTestSuiteCaseMTest()'><b>BasicUIAutoTestSuiteCaseMTest</b><br>Test class: com.stta.BasicUIAutoTestSuite.BasicUIAutoTestSuiteCaseM<br>Parameters: ENTER, edt_shop_name_visit, id, priyanktest, 9.0741E-5 secs</td>
<td></td>
<td>8</td>
<td>com.stta.BasicUIAutoTestSuite.BasicUIAutoTestSuiteCaseM@76f2b07d</td></tr>
<tr>
<td title='com.stta.BasicUIAutoTestSuite.BasicUIAutoTestSuiteCaseM.BasicUIAutoTestSuiteCaseMTest()'><b>BasicUIAutoTestSuiteCaseMTest</b><br>Test class: com.stta.BasicUIAutoTestSuite.BasicUIAutoTestSuiteCaseM<br>Parameters: DISMISSKEYBOARD, , , , 8.2929E-5 secs</td>
<td></td>
<td>0</td>
<td>com.stta.BasicUIAutoTestSuite.BasicUIAutoTestSuiteCaseM@76f2b07d</td></tr>
<tr>
<td title='com.stta.BasicUIAutoTestSuite.BasicUIAutoTestSuiteCaseM.BasicUIAutoTestSuiteCaseMTest()'><b>BasicUIAutoTestSuiteCaseMTest</b><br>Test class: com.stta.BasicUIAutoTestSuite.BasicUIAutoTestSuiteCaseM<br>Parameters: SCROLLTO, , , Digital payment method used, 1.30103E-4 secs</td>
<td></td>
<td>7</td>
<td>com.stta.BasicUIAutoTestSuite.BasicUIAutoTestSuiteCaseM@76f2b07d</td></tr>
<tr>
<td title='com.stta.BasicUIAutoTestSuite.BasicUIAutoTestSuiteCaseM.BasicUIAutoTestSuiteCaseMTest()'><b>BasicUIAutoTestSuiteCaseMTest</b><br>Test class: com.stta.BasicUIAutoTestSuite.BasicUIAutoTestSuiteCaseM<br>Parameters: CLICK, chb_swipe_machine, id, , 5.2582E-5 secs</td>
<td></td>
<td>0</td>
<td>com.stta.BasicUIAutoTestSuite.BasicUIAutoTestSuiteCaseM@76f2b07d</td></tr>
<tr>
<td title='com.stta.BasicUIAutoTestSuite.BasicUIAutoTestSuiteCaseM.BasicUIAutoTestSuiteCaseMTest()'><b>BasicUIAutoTestSuiteCaseMTest</b><br>Test class: com.stta.BasicUIAutoTestSuite.BasicUIAutoTestSuiteCaseM<br>Parameters: CLICK, chb_paytm, id, , 5.6788E-5 secs</td>
<td></td>
<td>0</td>
<td>com.stta.BasicUIAutoTestSuite.BasicUIAutoTestSuiteCaseM@76f2b07d</td></tr>
<tr>
<td title='com.stta.BasicUIAutoTestSuite.BasicUIAutoTestSuiteCaseM.BasicUIAutoTestSuiteCaseMTest()'><b>BasicUIAutoTestSuiteCaseMTest</b><br>Test class: com.stta.BasicUIAutoTestSuite.BasicUIAutoTestSuiteCaseM<br>Parameters: CLICK, rb_agree, id, , 5.6188E-5 secs</td>
<td></td>
<td>0</td>
<td>com.stta.BasicUIAutoTestSuite.BasicUIAutoTestSuiteCaseM@76f2b07d</td></tr>
<tr>
<td title='com.stta.BasicUIAutoTestSuite.BasicUIAutoTestSuiteCaseM.BasicUIAutoTestSuiteCaseMTest()'><b>BasicUIAutoTestSuiteCaseMTest</b><br>Test class: com.stta.BasicUIAutoTestSuite.BasicUIAutoTestSuiteCaseM<br>Parameters: CLICK, btn_next_visit, id, , 6.0093E-5 secs</td>
<td></td>
<td>0</td>
<td>com.stta.BasicUIAutoTestSuite.BasicUIAutoTestSuiteCaseM@76f2b07d</td></tr>
<tr>
<td title='com.stta.BasicUIAutoTestSuite.BasicUIAutoTestSuiteCaseM.BasicUIAutoTestSuiteCaseMTest()'><b>BasicUIAutoTestSuiteCaseMTest</b><br>Test class: com.stta.BasicUIAutoTestSuite.BasicUIAutoTestSuiteCaseM<br>Parameters: STOPAPP, , , , 8.8037E-5 secs</td>
<td></td>
<td>0</td>
<td>com.stta.BasicUIAutoTestSuite.BasicUIAutoTestSuiteCaseM@76f2b07d</td></tr>
<tr>
<td title='com.stta.BasicUIAutoTestSuite.BasicUIAutoTestSuiteCaseM.BasicUIAutoTestSuiteCaseMTest()'><b>BasicUIAutoTestSuiteCaseMTest</b><br>Test class: com.stta.BasicUIAutoTestSuite.BasicUIAutoTestSuiteCaseM<br>Parameters: STOPAPPIUM, , , PARALLEL, 0.001965067 secs</td>
<td></td>
<td>0</td>
<td>com.stta.BasicUIAutoTestSuite.BasicUIAutoTestSuiteCaseM@76f2b07d</td></tr>
<tr>
<td title='com.stta.BasicUIAutoTestSuite.BasicUIAutoTestSuiteCaseM.cloudData()'><b>cloudData</b><br>Test class: com.stta.BasicUIAutoTestSuite.BasicUIAutoTestSuiteCaseM<br>Parameters: 127.0.0.1;4736;5436, 5ce6eee1;Android;6.0.1;Android;com.ftcash.agent;com.ftcash.agent.MainActivity;com.ftcash.agent.MainActivity;http://127.0.0.1:4736/wd/hub</td>
<td></td>
<td>0</td>
<td>com.stta.BasicUIAutoTestSuite.BasicUIAutoTestSuiteCaseM@76f2b07d</td></tr>
</table><p>
</body>
</html>