<?xml version="1.0" encoding="UTF-8"?>
<!-- Generated by org.testng.reporters.JUnitXMLReporter -->
<testsuite hostname="DESKTOP-EGBJ21E" ignored="0" name="BasicUIAutoTestSuiteCaseBasicFl" tests="9" failures="7" timestamp="18 Apr 2017 07:03:59 GMT" time="58.753" errors="0">
  <testcase name="BasicUIAutoTestSuiteCaseBasicFlTest" time="6.673" classname="com.stta.BasicUIAutoTestSuite.BasicUIAutoTestSuiteCaseBasicFl"/>
  <testcase name="BasicUIAutoTestSuiteCaseBasicFlTest" time="5.711" classname="com.stta.BasicUIAutoTestSuite.BasicUIAutoTestSuiteCaseBasicFl"/>
  <testcase name="BasicUIAutoTestSuiteCaseBasicFlTest" time="46.149" classname="com.stta.BasicUIAutoTestSuite.BasicUIAutoTestSuiteCaseBasicFl">
    <failure type="java.lang.AssertionError" message="The following asserts failed:
	expected [false] but found [true]">
      <![CDATA[java.lang.AssertionError: The following asserts failed:
	expected [false] but found [true]
	at com.stta.BasicUIAutoTestSuite.BasicUIAutoTestSuiteCaseBasicFl.BasicUIAutoTestSuiteCaseBasicFlTest(BasicUIAutoTestSuiteCaseBasicFl.java:125)
... Removed 27 stack frames]]>
    </failure>
  </testcase> <!-- BasicUIAutoTestSuiteCaseBasicFlTest -->
  <testcase name="BasicUIAutoTestSuiteCaseBasicFlTest" time="0.006" classname="com.stta.BasicUIAutoTestSuite.BasicUIAutoTestSuiteCaseBasicFl">
    <failure type="java.lang.AssertionError" message="The following asserts failed:
	expected [false] but found [true]">
      <![CDATA[java.lang.AssertionError: The following asserts failed:
	expected [false] but found [true]
	at com.stta.BasicUIAutoTestSuite.BasicUIAutoTestSuiteCaseBasicFl.BasicUIAutoTestSuiteCaseBasicFlTest(BasicUIAutoTestSuiteCaseBasicFl.java:125)
... Removed 27 stack frames]]>
    </failure>
  </testcase> <!-- BasicUIAutoTestSuiteCaseBasicFlTest -->
  <testcase name="BasicUIAutoTestSuiteCaseBasicFlTest" time="0.005" classname="com.stta.BasicUIAutoTestSuite.BasicUIAutoTestSuiteCaseBasicFl">
    <failure type="java.lang.AssertionError" message="The following asserts failed:
	expected [false] but found [true]">
      <![CDATA[java.lang.AssertionError: The following asserts failed:
	expected [false] but found [true]
	at com.stta.BasicUIAutoTestSuite.BasicUIAutoTestSuiteCaseBasicFl.BasicUIAutoTestSuiteCaseBasicFlTest(BasicUIAutoTestSuiteCaseBasicFl.java:125)
... Removed 27 stack frames]]>
    </failure>
  </testcase> <!-- BasicUIAutoTestSuiteCaseBasicFlTest -->
  <testcase name="BasicUIAutoTestSuiteCaseBasicFlTest" time="0.005" classname="com.stta.BasicUIAutoTestSuite.BasicUIAutoTestSuiteCaseBasicFl">
    <failure type="java.lang.AssertionError" message="The following asserts failed:
	expected [false] but found [true]">
      <![CDATA[java.lang.AssertionError: The following asserts failed:
	expected [false] but found [true]
	at com.stta.BasicUIAutoTestSuite.BasicUIAutoTestSuiteCaseBasicFl.BasicUIAutoTestSuiteCaseBasicFlTest(BasicUIAutoTestSuiteCaseBasicFl.java:125)
... Removed 27 stack frames]]>
    </failure>
  </testcase> <!-- BasicUIAutoTestSuiteCaseBasicFlTest -->
  <testcase name="BasicUIAutoTestSuiteCaseBasicFlTest" time="0.007" classname="com.stta.BasicUIAutoTestSuite.BasicUIAutoTestSuiteCaseBasicFl">
    <failure type="java.lang.AssertionError" message="The following asserts failed:
	expected [false] but found [true]">
      <![CDATA[java.lang.AssertionError: The following asserts failed:
	expected [false] but found [true]
	at com.stta.BasicUIAutoTestSuite.BasicUIAutoTestSuiteCaseBasicFl.BasicUIAutoTestSuiteCaseBasicFlTest(BasicUIAutoTestSuiteCaseBasicFl.java:125)
... Removed 27 stack frames]]>
    </failure>
  </testcase> <!-- BasicUIAutoTestSuiteCaseBasicFlTest -->
  <testcase name="BasicUIAutoTestSuiteCaseBasicFlTest" time="0.007" classname="com.stta.BasicUIAutoTestSuite.BasicUIAutoTestSuiteCaseBasicFl">
    <failure type="java.lang.AssertionError" message="The following asserts failed:
	expected [false] but found [true]">
      <![CDATA[java.lang.AssertionError: The following asserts failed:
	expected [false] but found [true]
	at com.stta.BasicUIAutoTestSuite.BasicUIAutoTestSuiteCaseBasicFl.BasicUIAutoTestSuiteCaseBasicFlTest(BasicUIAutoTestSuiteCaseBasicFl.java:125)
... Removed 27 stack frames]]>
    </failure>
  </testcase> <!-- BasicUIAutoTestSuiteCaseBasicFlTest -->
  <testcase name="BasicUIAutoTestSuiteCaseBasicFlTest" time="0.006" classname="com.stta.BasicUIAutoTestSuite.BasicUIAutoTestSuiteCaseBasicFl">
    <failure type="java.lang.AssertionError" message="The following asserts failed:
	expected [false] but found [true]">
      <![CDATA[java.lang.AssertionError: The following asserts failed:
	expected [false] but found [true]
	at com.stta.BasicUIAutoTestSuite.BasicUIAutoTestSuiteCaseBasicFl.BasicUIAutoTestSuiteCaseBasicFlTest(BasicUIAutoTestSuiteCaseBasicFl.java:125)
... Removed 27 stack frames]]>
    </failure>
  </testcase> <!-- BasicUIAutoTestSuiteCaseBasicFlTest -->
</testsuite> <!-- BasicUIAutoTestSuiteCaseBasicFl -->
