<?xml version="1.0" encoding="utf-8" ?>
<!DOCTYPE html PUBLIC "-//W3C//DTD XHTML 1.0 Strict//EN"
        "http://www.w3.org/TR/xhtml1/DTD/xhtml1-strict.dtd">
<html xmlns="http://www.w3.org/1999/xhtml" xml:lang="" lang="">
<head>
  <title>Test Results Report - BasicUIAutoTestSuiteCaseM1</title>
  <meta http-equiv="Content-Type" content="text/html;charset=utf-8" />
  <meta name="description" content="TestNG unit test results." />
  <link href="reportng.css" rel="stylesheet" type="text/css" />
    <script type="text/javascript" src="reportng.js"></script>
</head>
<body>
<h1>BasicUIAutoTestSuiteCaseM1</h1>
<p>
  Test duration: 44.917s
</p>



  <table class="resultsTable">
    <tr><th colspan="3" class="header failed">Failed Tests</th></tr>
          <tr>
        <td colspan="3" class="group">com.stta.BasicUIAutoTestSuite.BasicUIAutoTestSuiteCaseM</td>
      </tr>
            
<tr>
  <td class="method">
                  BasicUIAutoTestSuiteCaseMTest
      </td>
  <td class="duration">
    0.004s
  </td>
  <td class="result">
        
          <i>Method arguments: </i><span class="arguments">"CLICK", "chb_swipe_machine", "id", "", "0.56581023 secs"</span><br />
    
        

        <a href="javascript:toggleElement('exception-0', 'block')" title="Click to expand/collapse"><b>java.lang.AssertionError: The following asserts failed:<br/>
	expected [false] but found [true]</b></a><br />
    <div class="stackTrace" id="exception-0">
              org.testng.asserts.SoftAssert.assertAll(SoftAssert.java:43)<br />
              com.stta.BasicUIAutoTestSuite.BasicUIAutoTestSuiteCaseM.BasicUIAutoTestSuiteCaseMTest(BasicUIAutoTestSuiteCaseM.java:137)<br />
              sun.reflect.GeneratedMethodAccessor8.invoke(Unknown Source)<br />
              sun.reflect.DelegatingMethodAccessorImpl.invoke(Unknown Source)<br />
              java.lang.reflect.Method.invoke(Unknown Source)<br />
              org.testng.internal.MethodInvocationHelper.invokeMethod(MethodInvocationHelper.java:108)<br />
              org.testng.internal.Invoker.invokeMethod(Invoker.java:661)<br />
              org.testng.internal.Invoker.invokeTestMethod(Invoker.java:869)<br />
              org.testng.internal.Invoker.invokeTestMethods(Invoker.java:1193)<br />
              org.testng.internal.TestMethodWorker.invokeTestMethods(TestMethodWorker.java:126)<br />
              org.testng.internal.TestMethodWorker.run(TestMethodWorker.java:109)<br />
              org.testng.TestRunner.privateRun(TestRunner.java:744)<br />
              org.testng.TestRunner.run(TestRunner.java:602)<br />
              org.testng.SuiteRunner.runTest(SuiteRunner.java:380)<br />
              org.testng.SuiteRunner.runSequentially(SuiteRunner.java:375)<br />
              org.testng.SuiteRunner.privateRun(SuiteRunner.java:340)<br />
              org.testng.SuiteRunner.run(SuiteRunner.java:289)<br />
              org.testng.SuiteRunnerWorker.runSuite(SuiteRunnerWorker.java:52)<br />
              org.testng.SuiteRunnerWorker.run(SuiteRunnerWorker.java:86)<br />
              org.testng.TestNG.runSuitesSequentially(TestNG.java:1301)<br />
              org.testng.TestNG.runSuitesSequentially(TestNG.java:1297)<br />
              org.testng.TestNG.runSuitesLocally(TestNG.java:1226)<br />
              org.testng.TestNG.runSuites(TestNG.java:1144)<br />
              org.testng.TestNG.run(TestNG.java:1115)<br />
              org.testng.remote.AbstractRemoteTestNG.run(AbstractRemoteTestNG.java:132)<br />
              org.testng.remote.RemoteTestNG.initAndRun(RemoteTestNG.java:230)<br />
              org.testng.remote.RemoteTestNG.main(RemoteTestNG.java:76)<br />
                </div>
      </td>
</tr>
<tr>
  <td class="method">
                  BasicUIAutoTestSuiteCaseMTest
      </td>
  <td class="duration">
    0.000s
  </td>
  <td class="result">
        
          <i>Method arguments: </i><span class="arguments">"DISMISSKEYBOARD", "", "", "", "0.529991917 secs"</span><br />
    
        

        <a href="javascript:toggleElement('exception-1', 'block')" title="Click to expand/collapse"><b>java.lang.AssertionError: The following asserts failed:<br/>
	expected [false] but found [true]</b></a><br />
    <div class="stackTrace" id="exception-1">
              org.testng.asserts.SoftAssert.assertAll(SoftAssert.java:43)<br />
              com.stta.BasicUIAutoTestSuite.BasicUIAutoTestSuiteCaseM.BasicUIAutoTestSuiteCaseMTest(BasicUIAutoTestSuiteCaseM.java:137)<br />
              sun.reflect.GeneratedMethodAccessor8.invoke(Unknown Source)<br />
              sun.reflect.DelegatingMethodAccessorImpl.invoke(Unknown Source)<br />
              java.lang.reflect.Method.invoke(Unknown Source)<br />
              org.testng.internal.MethodInvocationHelper.invokeMethod(MethodInvocationHelper.java:108)<br />
              org.testng.internal.Invoker.invokeMethod(Invoker.java:661)<br />
              org.testng.internal.Invoker.invokeTestMethod(Invoker.java:869)<br />
              org.testng.internal.Invoker.invokeTestMethods(Invoker.java:1193)<br />
              org.testng.internal.TestMethodWorker.invokeTestMethods(TestMethodWorker.java:126)<br />
              org.testng.internal.TestMethodWorker.run(TestMethodWorker.java:109)<br />
              org.testng.TestRunner.privateRun(TestRunner.java:744)<br />
              org.testng.TestRunner.run(TestRunner.java:602)<br />
              org.testng.SuiteRunner.runTest(SuiteRunner.java:380)<br />
              org.testng.SuiteRunner.runSequentially(SuiteRunner.java:375)<br />
              org.testng.SuiteRunner.privateRun(SuiteRunner.java:340)<br />
              org.testng.SuiteRunner.run(SuiteRunner.java:289)<br />
              org.testng.SuiteRunnerWorker.runSuite(SuiteRunnerWorker.java:52)<br />
              org.testng.SuiteRunnerWorker.run(SuiteRunnerWorker.java:86)<br />
              org.testng.TestNG.runSuitesSequentially(TestNG.java:1301)<br />
              org.testng.TestNG.runSuitesSequentially(TestNG.java:1297)<br />
              org.testng.TestNG.runSuitesLocally(TestNG.java:1226)<br />
              org.testng.TestNG.runSuites(TestNG.java:1144)<br />
              org.testng.TestNG.run(TestNG.java:1115)<br />
              org.testng.remote.AbstractRemoteTestNG.run(AbstractRemoteTestNG.java:132)<br />
              org.testng.remote.RemoteTestNG.initAndRun(RemoteTestNG.java:230)<br />
              org.testng.remote.RemoteTestNG.main(RemoteTestNG.java:76)<br />
                </div>
      </td>
</tr>
<tr>
  <td class="method">
                  BasicUIAutoTestSuiteCaseMTest
      </td>
  <td class="duration">
    0.016s
  </td>
  <td class="result">
        
          <i>Method arguments: </i><span class="arguments">"CLICK", "rb_agree", "id", "", "0.68689955 secs"</span><br />
    
        

        <a href="javascript:toggleElement('exception-2', 'block')" title="Click to expand/collapse"><b>java.lang.AssertionError: The following asserts failed:<br/>
	expected [false] but found [true]</b></a><br />
    <div class="stackTrace" id="exception-2">
              org.testng.asserts.SoftAssert.assertAll(SoftAssert.java:43)<br />
              com.stta.BasicUIAutoTestSuite.BasicUIAutoTestSuiteCaseM.BasicUIAutoTestSuiteCaseMTest(BasicUIAutoTestSuiteCaseM.java:137)<br />
              sun.reflect.GeneratedMethodAccessor8.invoke(Unknown Source)<br />
              sun.reflect.DelegatingMethodAccessorImpl.invoke(Unknown Source)<br />
              java.lang.reflect.Method.invoke(Unknown Source)<br />
              org.testng.internal.MethodInvocationHelper.invokeMethod(MethodInvocationHelper.java:108)<br />
              org.testng.internal.Invoker.invokeMethod(Invoker.java:661)<br />
              org.testng.internal.Invoker.invokeTestMethod(Invoker.java:869)<br />
              org.testng.internal.Invoker.invokeTestMethods(Invoker.java:1193)<br />
              org.testng.internal.TestMethodWorker.invokeTestMethods(TestMethodWorker.java:126)<br />
              org.testng.internal.TestMethodWorker.run(TestMethodWorker.java:109)<br />
              org.testng.TestRunner.privateRun(TestRunner.java:744)<br />
              org.testng.TestRunner.run(TestRunner.java:602)<br />
              org.testng.SuiteRunner.runTest(SuiteRunner.java:380)<br />
              org.testng.SuiteRunner.runSequentially(SuiteRunner.java:375)<br />
              org.testng.SuiteRunner.privateRun(SuiteRunner.java:340)<br />
              org.testng.SuiteRunner.run(SuiteRunner.java:289)<br />
              org.testng.SuiteRunnerWorker.runSuite(SuiteRunnerWorker.java:52)<br />
              org.testng.SuiteRunnerWorker.run(SuiteRunnerWorker.java:86)<br />
              org.testng.TestNG.runSuitesSequentially(TestNG.java:1301)<br />
              org.testng.TestNG.runSuitesSequentially(TestNG.java:1297)<br />
              org.testng.TestNG.runSuitesLocally(TestNG.java:1226)<br />
              org.testng.TestNG.runSuites(TestNG.java:1144)<br />
              org.testng.TestNG.run(TestNG.java:1115)<br />
              org.testng.remote.AbstractRemoteTestNG.run(AbstractRemoteTestNG.java:132)<br />
              org.testng.remote.RemoteTestNG.initAndRun(RemoteTestNG.java:230)<br />
              org.testng.remote.RemoteTestNG.main(RemoteTestNG.java:76)<br />
                </div>
      </td>
</tr>
<tr>
  <td class="method">
                  BasicUIAutoTestSuiteCaseMTest
      </td>
  <td class="duration">
    0.000s
  </td>
  <td class="result">
        
          <i>Method arguments: </i><span class="arguments">"CLICK", "btn_next_visit", "id", "", "3.696216494 secs"</span><br />
    
        

        <a href="javascript:toggleElement('exception-3', 'block')" title="Click to expand/collapse"><b>java.lang.AssertionError: The following asserts failed:<br/>
	expected [false] but found [true]</b></a><br />
    <div class="stackTrace" id="exception-3">
              org.testng.asserts.SoftAssert.assertAll(SoftAssert.java:43)<br />
              com.stta.BasicUIAutoTestSuite.BasicUIAutoTestSuiteCaseM.BasicUIAutoTestSuiteCaseMTest(BasicUIAutoTestSuiteCaseM.java:137)<br />
              sun.reflect.GeneratedMethodAccessor8.invoke(Unknown Source)<br />
              sun.reflect.DelegatingMethodAccessorImpl.invoke(Unknown Source)<br />
              java.lang.reflect.Method.invoke(Unknown Source)<br />
              org.testng.internal.MethodInvocationHelper.invokeMethod(MethodInvocationHelper.java:108)<br />
              org.testng.internal.Invoker.invokeMethod(Invoker.java:661)<br />
              org.testng.internal.Invoker.invokeTestMethod(Invoker.java:869)<br />
              org.testng.internal.Invoker.invokeTestMethods(Invoker.java:1193)<br />
              org.testng.internal.TestMethodWorker.invokeTestMethods(TestMethodWorker.java:126)<br />
              org.testng.internal.TestMethodWorker.run(TestMethodWorker.java:109)<br />
              org.testng.TestRunner.privateRun(TestRunner.java:744)<br />
              org.testng.TestRunner.run(TestRunner.java:602)<br />
              org.testng.SuiteRunner.runTest(SuiteRunner.java:380)<br />
              org.testng.SuiteRunner.runSequentially(SuiteRunner.java:375)<br />
              org.testng.SuiteRunner.privateRun(SuiteRunner.java:340)<br />
              org.testng.SuiteRunner.run(SuiteRunner.java:289)<br />
              org.testng.SuiteRunnerWorker.runSuite(SuiteRunnerWorker.java:52)<br />
              org.testng.SuiteRunnerWorker.run(SuiteRunnerWorker.java:86)<br />
              org.testng.TestNG.runSuitesSequentially(TestNG.java:1301)<br />
              org.testng.TestNG.runSuitesSequentially(TestNG.java:1297)<br />
              org.testng.TestNG.runSuitesLocally(TestNG.java:1226)<br />
              org.testng.TestNG.runSuites(TestNG.java:1144)<br />
              org.testng.TestNG.run(TestNG.java:1115)<br />
              org.testng.remote.AbstractRemoteTestNG.run(AbstractRemoteTestNG.java:132)<br />
              org.testng.remote.RemoteTestNG.initAndRun(RemoteTestNG.java:230)<br />
              org.testng.remote.RemoteTestNG.main(RemoteTestNG.java:76)<br />
                </div>
      </td>
</tr>
<tr>
  <td class="method">
                  BasicUIAutoTestSuiteCaseMTest
      </td>
  <td class="duration">
    0.000s
  </td>
  <td class="result">
        
          <i>Method arguments: </i><span class="arguments">"ENTER", "edt_shop_name_visit", "id", "priyanktest", "9.219030507 secs"</span><br />
    
        

        <a href="javascript:toggleElement('exception-4', 'block')" title="Click to expand/collapse"><b>java.lang.AssertionError: The following asserts failed:<br/>
	expected [false] but found [true]</b></a><br />
    <div class="stackTrace" id="exception-4">
              org.testng.asserts.SoftAssert.assertAll(SoftAssert.java:43)<br />
              com.stta.BasicUIAutoTestSuite.BasicUIAutoTestSuiteCaseM.BasicUIAutoTestSuiteCaseMTest(BasicUIAutoTestSuiteCaseM.java:137)<br />
              sun.reflect.GeneratedMethodAccessor8.invoke(Unknown Source)<br />
              sun.reflect.DelegatingMethodAccessorImpl.invoke(Unknown Source)<br />
              java.lang.reflect.Method.invoke(Unknown Source)<br />
              org.testng.internal.MethodInvocationHelper.invokeMethod(MethodInvocationHelper.java:108)<br />
              org.testng.internal.Invoker.invokeMethod(Invoker.java:661)<br />
              org.testng.internal.Invoker.invokeTestMethod(Invoker.java:869)<br />
              org.testng.internal.Invoker.invokeTestMethods(Invoker.java:1193)<br />
              org.testng.internal.TestMethodWorker.invokeTestMethods(TestMethodWorker.java:126)<br />
              org.testng.internal.TestMethodWorker.run(TestMethodWorker.java:109)<br />
              org.testng.TestRunner.privateRun(TestRunner.java:744)<br />
              org.testng.TestRunner.run(TestRunner.java:602)<br />
              org.testng.SuiteRunner.runTest(SuiteRunner.java:380)<br />
              org.testng.SuiteRunner.runSequentially(SuiteRunner.java:375)<br />
              org.testng.SuiteRunner.privateRun(SuiteRunner.java:340)<br />
              org.testng.SuiteRunner.run(SuiteRunner.java:289)<br />
              org.testng.SuiteRunnerWorker.runSuite(SuiteRunnerWorker.java:52)<br />
              org.testng.SuiteRunnerWorker.run(SuiteRunnerWorker.java:86)<br />
              org.testng.TestNG.runSuitesSequentially(TestNG.java:1301)<br />
              org.testng.TestNG.runSuitesSequentially(TestNG.java:1297)<br />
              org.testng.TestNG.runSuitesLocally(TestNG.java:1226)<br />
              org.testng.TestNG.runSuites(TestNG.java:1144)<br />
              org.testng.TestNG.run(TestNG.java:1115)<br />
              org.testng.remote.AbstractRemoteTestNG.run(AbstractRemoteTestNG.java:132)<br />
              org.testng.remote.RemoteTestNG.initAndRun(RemoteTestNG.java:230)<br />
              org.testng.remote.RemoteTestNG.main(RemoteTestNG.java:76)<br />
                </div>
      </td>
</tr>
<tr>
  <td class="method">
                  BasicUIAutoTestSuiteCaseMTest
      </td>
  <td class="duration">
    0.016s
  </td>
  <td class="result">
        
          <i>Method arguments: </i><span class="arguments">"DISMISSKEYBOARD", "", "", "", "0.539524598 secs"</span><br />
    
        

        <a href="javascript:toggleElement('exception-5', 'block')" title="Click to expand/collapse"><b>java.lang.AssertionError: The following asserts failed:<br/>
	expected [false] but found [true]</b></a><br />
    <div class="stackTrace" id="exception-5">
              org.testng.asserts.SoftAssert.assertAll(SoftAssert.java:43)<br />
              com.stta.BasicUIAutoTestSuite.BasicUIAutoTestSuiteCaseM.BasicUIAutoTestSuiteCaseMTest(BasicUIAutoTestSuiteCaseM.java:137)<br />
              sun.reflect.GeneratedMethodAccessor8.invoke(Unknown Source)<br />
              sun.reflect.DelegatingMethodAccessorImpl.invoke(Unknown Source)<br />
              java.lang.reflect.Method.invoke(Unknown Source)<br />
              org.testng.internal.MethodInvocationHelper.invokeMethod(MethodInvocationHelper.java:108)<br />
              org.testng.internal.Invoker.invokeMethod(Invoker.java:661)<br />
              org.testng.internal.Invoker.invokeTestMethod(Invoker.java:869)<br />
              org.testng.internal.Invoker.invokeTestMethods(Invoker.java:1193)<br />
              org.testng.internal.TestMethodWorker.invokeTestMethods(TestMethodWorker.java:126)<br />
              org.testng.internal.TestMethodWorker.run(TestMethodWorker.java:109)<br />
              org.testng.TestRunner.privateRun(TestRunner.java:744)<br />
              org.testng.TestRunner.run(TestRunner.java:602)<br />
              org.testng.SuiteRunner.runTest(SuiteRunner.java:380)<br />
              org.testng.SuiteRunner.runSequentially(SuiteRunner.java:375)<br />
              org.testng.SuiteRunner.privateRun(SuiteRunner.java:340)<br />
              org.testng.SuiteRunner.run(SuiteRunner.java:289)<br />
              org.testng.SuiteRunnerWorker.runSuite(SuiteRunnerWorker.java:52)<br />
              org.testng.SuiteRunnerWorker.run(SuiteRunnerWorker.java:86)<br />
              org.testng.TestNG.runSuitesSequentially(TestNG.java:1301)<br />
              org.testng.TestNG.runSuitesSequentially(TestNG.java:1297)<br />
              org.testng.TestNG.runSuitesLocally(TestNG.java:1226)<br />
              org.testng.TestNG.runSuites(TestNG.java:1144)<br />
              org.testng.TestNG.run(TestNG.java:1115)<br />
              org.testng.remote.AbstractRemoteTestNG.run(AbstractRemoteTestNG.java:132)<br />
              org.testng.remote.RemoteTestNG.initAndRun(RemoteTestNG.java:230)<br />
              org.testng.remote.RemoteTestNG.main(RemoteTestNG.java:76)<br />
                </div>
      </td>
</tr>
<tr>
  <td class="method">
                  BasicUIAutoTestSuiteCaseMTest
      </td>
  <td class="duration">
    0.000s
  </td>
  <td class="result">
        
          <i>Method arguments: </i><span class="arguments">"ENTER", "edt_merchant_name", "id", "priyanktest", "9.854434772 secs"</span><br />
    
        

        <a href="javascript:toggleElement('exception-6', 'block')" title="Click to expand/collapse"><b>java.lang.AssertionError: The following asserts failed:<br/>
	expected [false] but found [true]</b></a><br />
    <div class="stackTrace" id="exception-6">
              org.testng.asserts.SoftAssert.assertAll(SoftAssert.java:43)<br />
              com.stta.BasicUIAutoTestSuite.BasicUIAutoTestSuiteCaseM.BasicUIAutoTestSuiteCaseMTest(BasicUIAutoTestSuiteCaseM.java:137)<br />
              sun.reflect.GeneratedMethodAccessor8.invoke(Unknown Source)<br />
              sun.reflect.DelegatingMethodAccessorImpl.invoke(Unknown Source)<br />
              java.lang.reflect.Method.invoke(Unknown Source)<br />
              org.testng.internal.MethodInvocationHelper.invokeMethod(MethodInvocationHelper.java:108)<br />
              org.testng.internal.Invoker.invokeMethod(Invoker.java:661)<br />
              org.testng.internal.Invoker.invokeTestMethod(Invoker.java:869)<br />
              org.testng.internal.Invoker.invokeTestMethods(Invoker.java:1193)<br />
              org.testng.internal.TestMethodWorker.invokeTestMethods(TestMethodWorker.java:126)<br />
              org.testng.internal.TestMethodWorker.run(TestMethodWorker.java:109)<br />
              org.testng.TestRunner.privateRun(TestRunner.java:744)<br />
              org.testng.TestRunner.run(TestRunner.java:602)<br />
              org.testng.SuiteRunner.runTest(SuiteRunner.java:380)<br />
              org.testng.SuiteRunner.runSequentially(SuiteRunner.java:375)<br />
              org.testng.SuiteRunner.privateRun(SuiteRunner.java:340)<br />
              org.testng.SuiteRunner.run(SuiteRunner.java:289)<br />
              org.testng.SuiteRunnerWorker.runSuite(SuiteRunnerWorker.java:52)<br />
              org.testng.SuiteRunnerWorker.run(SuiteRunnerWorker.java:86)<br />
              org.testng.TestNG.runSuitesSequentially(TestNG.java:1301)<br />
              org.testng.TestNG.runSuitesSequentially(TestNG.java:1297)<br />
              org.testng.TestNG.runSuitesLocally(TestNG.java:1226)<br />
              org.testng.TestNG.runSuites(TestNG.java:1144)<br />
              org.testng.TestNG.run(TestNG.java:1115)<br />
              org.testng.remote.AbstractRemoteTestNG.run(AbstractRemoteTestNG.java:132)<br />
              org.testng.remote.RemoteTestNG.initAndRun(RemoteTestNG.java:230)<br />
              org.testng.remote.RemoteTestNG.main(RemoteTestNG.java:76)<br />
                </div>
      </td>
</tr>
<tr>
  <td class="method">
                  BasicUIAutoTestSuiteCaseMTest
      </td>
  <td class="duration">
    29.392s
  </td>
  <td class="result">
        
          <i>Method arguments: </i><span class="arguments">"LOADAPP", "", "", "PARALLEL", "12.669636703 secs"</span><br />
    
        

        <a href="javascript:toggleElement('exception-7', 'block')" title="Click to expand/collapse"><b>java.lang.AssertionError: The following asserts failed:<br/>
	expected [false] but found [true]</b></a><br />
    <div class="stackTrace" id="exception-7">
              org.testng.asserts.SoftAssert.assertAll(SoftAssert.java:43)<br />
              com.stta.BasicUIAutoTestSuite.BasicUIAutoTestSuiteCaseM.BasicUIAutoTestSuiteCaseMTest(BasicUIAutoTestSuiteCaseM.java:137)<br />
              sun.reflect.GeneratedMethodAccessor8.invoke(Unknown Source)<br />
              sun.reflect.DelegatingMethodAccessorImpl.invoke(Unknown Source)<br />
              java.lang.reflect.Method.invoke(Unknown Source)<br />
              org.testng.internal.MethodInvocationHelper.invokeMethod(MethodInvocationHelper.java:108)<br />
              org.testng.internal.Invoker.invokeMethod(Invoker.java:661)<br />
              org.testng.internal.Invoker.invokeTestMethod(Invoker.java:869)<br />
              org.testng.internal.Invoker.invokeTestMethods(Invoker.java:1193)<br />
              org.testng.internal.TestMethodWorker.invokeTestMethods(TestMethodWorker.java:126)<br />
              org.testng.internal.TestMethodWorker.run(TestMethodWorker.java:109)<br />
              org.testng.TestRunner.privateRun(TestRunner.java:744)<br />
              org.testng.TestRunner.run(TestRunner.java:602)<br />
              org.testng.SuiteRunner.runTest(SuiteRunner.java:380)<br />
              org.testng.SuiteRunner.runSequentially(SuiteRunner.java:375)<br />
              org.testng.SuiteRunner.privateRun(SuiteRunner.java:340)<br />
              org.testng.SuiteRunner.run(SuiteRunner.java:289)<br />
              org.testng.SuiteRunnerWorker.runSuite(SuiteRunnerWorker.java:52)<br />
              org.testng.SuiteRunnerWorker.run(SuiteRunnerWorker.java:86)<br />
              org.testng.TestNG.runSuitesSequentially(TestNG.java:1301)<br />
              org.testng.TestNG.runSuitesSequentially(TestNG.java:1297)<br />
              org.testng.TestNG.runSuitesLocally(TestNG.java:1226)<br />
              org.testng.TestNG.runSuites(TestNG.java:1144)<br />
              org.testng.TestNG.run(TestNG.java:1115)<br />
              org.testng.remote.AbstractRemoteTestNG.run(AbstractRemoteTestNG.java:132)<br />
              org.testng.remote.RemoteTestNG.initAndRun(RemoteTestNG.java:230)<br />
              org.testng.remote.RemoteTestNG.main(RemoteTestNG.java:76)<br />
                </div>
      </td>
</tr>
<tr>
  <td class="method">
                  BasicUIAutoTestSuiteCaseMTest
      </td>
  <td class="duration">
    0.007s
  </td>
  <td class="result">
        
          <i>Method arguments: </i><span class="arguments">"CLICK", "btn_next_visit", "id", "", "0.671728568 secs"</span><br />
    
        

        <a href="javascript:toggleElement('exception-8', 'block')" title="Click to expand/collapse"><b>java.lang.AssertionError: The following asserts failed:<br/>
	expected [false] but found [true]</b></a><br />
    <div class="stackTrace" id="exception-8">
              org.testng.asserts.SoftAssert.assertAll(SoftAssert.java:43)<br />
              com.stta.BasicUIAutoTestSuite.BasicUIAutoTestSuiteCaseM.BasicUIAutoTestSuiteCaseMTest(BasicUIAutoTestSuiteCaseM.java:137)<br />
              sun.reflect.GeneratedMethodAccessor8.invoke(Unknown Source)<br />
              sun.reflect.DelegatingMethodAccessorImpl.invoke(Unknown Source)<br />
              java.lang.reflect.Method.invoke(Unknown Source)<br />
              org.testng.internal.MethodInvocationHelper.invokeMethod(MethodInvocationHelper.java:108)<br />
              org.testng.internal.Invoker.invokeMethod(Invoker.java:661)<br />
              org.testng.internal.Invoker.invokeTestMethod(Invoker.java:869)<br />
              org.testng.internal.Invoker.invokeTestMethods(Invoker.java:1193)<br />
              org.testng.internal.TestMethodWorker.invokeTestMethods(TestMethodWorker.java:126)<br />
              org.testng.internal.TestMethodWorker.run(TestMethodWorker.java:109)<br />
              org.testng.TestRunner.privateRun(TestRunner.java:744)<br />
              org.testng.TestRunner.run(TestRunner.java:602)<br />
              org.testng.SuiteRunner.runTest(SuiteRunner.java:380)<br />
              org.testng.SuiteRunner.runSequentially(SuiteRunner.java:375)<br />
              org.testng.SuiteRunner.privateRun(SuiteRunner.java:340)<br />
              org.testng.SuiteRunner.run(SuiteRunner.java:289)<br />
              org.testng.SuiteRunnerWorker.runSuite(SuiteRunnerWorker.java:52)<br />
              org.testng.SuiteRunnerWorker.run(SuiteRunnerWorker.java:86)<br />
              org.testng.TestNG.runSuitesSequentially(TestNG.java:1301)<br />
              org.testng.TestNG.runSuitesSequentially(TestNG.java:1297)<br />
              org.testng.TestNG.runSuitesLocally(TestNG.java:1226)<br />
              org.testng.TestNG.runSuites(TestNG.java:1144)<br />
              org.testng.TestNG.run(TestNG.java:1115)<br />
              org.testng.remote.AbstractRemoteTestNG.run(AbstractRemoteTestNG.java:132)<br />
              org.testng.remote.RemoteTestNG.initAndRun(RemoteTestNG.java:230)<br />
              org.testng.remote.RemoteTestNG.main(RemoteTestNG.java:76)<br />
                </div>
      </td>
</tr>
<tr>
  <td class="method">
                  BasicUIAutoTestSuiteCaseMTest
      </td>
  <td class="duration">
    0.000s
  </td>
  <td class="result">
        
          <i>Method arguments: </i><span class="arguments">"SCROLLTO", "", "", "Digital payment method used", "8.422084775 secs"</span><br />
    
        

        <a href="javascript:toggleElement('exception-9', 'block')" title="Click to expand/collapse"><b>java.lang.AssertionError: The following asserts failed:<br/>
	expected [false] but found [true]</b></a><br />
    <div class="stackTrace" id="exception-9">
              org.testng.asserts.SoftAssert.assertAll(SoftAssert.java:43)<br />
              com.stta.BasicUIAutoTestSuite.BasicUIAutoTestSuiteCaseM.BasicUIAutoTestSuiteCaseMTest(BasicUIAutoTestSuiteCaseM.java:137)<br />
              sun.reflect.GeneratedMethodAccessor8.invoke(Unknown Source)<br />
              sun.reflect.DelegatingMethodAccessorImpl.invoke(Unknown Source)<br />
              java.lang.reflect.Method.invoke(Unknown Source)<br />
              org.testng.internal.MethodInvocationHelper.invokeMethod(MethodInvocationHelper.java:108)<br />
              org.testng.internal.Invoker.invokeMethod(Invoker.java:661)<br />
              org.testng.internal.Invoker.invokeTestMethod(Invoker.java:869)<br />
              org.testng.internal.Invoker.invokeTestMethods(Invoker.java:1193)<br />
              org.testng.internal.TestMethodWorker.invokeTestMethods(TestMethodWorker.java:126)<br />
              org.testng.internal.TestMethodWorker.run(TestMethodWorker.java:109)<br />
              org.testng.TestRunner.privateRun(TestRunner.java:744)<br />
              org.testng.TestRunner.run(TestRunner.java:602)<br />
              org.testng.SuiteRunner.runTest(SuiteRunner.java:380)<br />
              org.testng.SuiteRunner.runSequentially(SuiteRunner.java:375)<br />
              org.testng.SuiteRunner.privateRun(SuiteRunner.java:340)<br />
              org.testng.SuiteRunner.run(SuiteRunner.java:289)<br />
              org.testng.SuiteRunnerWorker.runSuite(SuiteRunnerWorker.java:52)<br />
              org.testng.SuiteRunnerWorker.run(SuiteRunnerWorker.java:86)<br />
              org.testng.TestNG.runSuitesSequentially(TestNG.java:1301)<br />
              org.testng.TestNG.runSuitesSequentially(TestNG.java:1297)<br />
              org.testng.TestNG.runSuitesLocally(TestNG.java:1226)<br />
              org.testng.TestNG.runSuites(TestNG.java:1144)<br />
              org.testng.TestNG.run(TestNG.java:1115)<br />
              org.testng.remote.AbstractRemoteTestNG.run(AbstractRemoteTestNG.java:132)<br />
              org.testng.remote.RemoteTestNG.initAndRun(RemoteTestNG.java:230)<br />
              org.testng.remote.RemoteTestNG.main(RemoteTestNG.java:76)<br />
                </div>
      </td>
</tr>
<tr>
  <td class="method">
                  BasicUIAutoTestSuiteCaseMTest
      </td>
  <td class="duration">
    0.000s
  </td>
  <td class="result">
        
          <i>Method arguments: </i><span class="arguments">"CLICK", "chb_paytm", "id", "", "0.734909093 secs"</span><br />
    
        

        <a href="javascript:toggleElement('exception-10', 'block')" title="Click to expand/collapse"><b>java.lang.AssertionError: The following asserts failed:<br/>
	expected [false] but found [true]</b></a><br />
    <div class="stackTrace" id="exception-10">
              org.testng.asserts.SoftAssert.assertAll(SoftAssert.java:43)<br />
              com.stta.BasicUIAutoTestSuite.BasicUIAutoTestSuiteCaseM.BasicUIAutoTestSuiteCaseMTest(BasicUIAutoTestSuiteCaseM.java:137)<br />
              sun.reflect.GeneratedMethodAccessor8.invoke(Unknown Source)<br />
              sun.reflect.DelegatingMethodAccessorImpl.invoke(Unknown Source)<br />
              java.lang.reflect.Method.invoke(Unknown Source)<br />
              org.testng.internal.MethodInvocationHelper.invokeMethod(MethodInvocationHelper.java:108)<br />
              org.testng.internal.Invoker.invokeMethod(Invoker.java:661)<br />
              org.testng.internal.Invoker.invokeTestMethod(Invoker.java:869)<br />
              org.testng.internal.Invoker.invokeTestMethods(Invoker.java:1193)<br />
              org.testng.internal.TestMethodWorker.invokeTestMethods(TestMethodWorker.java:126)<br />
              org.testng.internal.TestMethodWorker.run(TestMethodWorker.java:109)<br />
              org.testng.TestRunner.privateRun(TestRunner.java:744)<br />
              org.testng.TestRunner.run(TestRunner.java:602)<br />
              org.testng.SuiteRunner.runTest(SuiteRunner.java:380)<br />
              org.testng.SuiteRunner.runSequentially(SuiteRunner.java:375)<br />
              org.testng.SuiteRunner.privateRun(SuiteRunner.java:340)<br />
              org.testng.SuiteRunner.run(SuiteRunner.java:289)<br />
              org.testng.SuiteRunnerWorker.runSuite(SuiteRunnerWorker.java:52)<br />
              org.testng.SuiteRunnerWorker.run(SuiteRunnerWorker.java:86)<br />
              org.testng.TestNG.runSuitesSequentially(TestNG.java:1301)<br />
              org.testng.TestNG.runSuitesSequentially(TestNG.java:1297)<br />
              org.testng.TestNG.runSuitesLocally(TestNG.java:1226)<br />
              org.testng.TestNG.runSuites(TestNG.java:1144)<br />
              org.testng.TestNG.run(TestNG.java:1115)<br />
              org.testng.remote.AbstractRemoteTestNG.run(AbstractRemoteTestNG.java:132)<br />
              org.testng.remote.RemoteTestNG.initAndRun(RemoteTestNG.java:230)<br />
              org.testng.remote.RemoteTestNG.main(RemoteTestNG.java:76)<br />
                </div>
      </td>
</tr>
<tr>
  <td class="method">
                  BasicUIAutoTestSuiteCaseMTest
      </td>
  <td class="duration">
    0.000s
  </td>
  <td class="result">
        
          <i>Method arguments: </i><span class="arguments">"CLICK", "btn_create_merchant", "id", "", "4.192807673 secs"</span><br />
    
        

        <a href="javascript:toggleElement('exception-11', 'block')" title="Click to expand/collapse"><b>java.lang.AssertionError: The following asserts failed:<br/>
	expected [false] but found [true]</b></a><br />
    <div class="stackTrace" id="exception-11">
              org.testng.asserts.SoftAssert.assertAll(SoftAssert.java:43)<br />
              com.stta.BasicUIAutoTestSuite.BasicUIAutoTestSuiteCaseM.BasicUIAutoTestSuiteCaseMTest(BasicUIAutoTestSuiteCaseM.java:137)<br />
              sun.reflect.GeneratedMethodAccessor8.invoke(Unknown Source)<br />
              sun.reflect.DelegatingMethodAccessorImpl.invoke(Unknown Source)<br />
              java.lang.reflect.Method.invoke(Unknown Source)<br />
              org.testng.internal.MethodInvocationHelper.invokeMethod(MethodInvocationHelper.java:108)<br />
              org.testng.internal.Invoker.invokeMethod(Invoker.java:661)<br />
              org.testng.internal.Invoker.invokeTestMethod(Invoker.java:869)<br />
              org.testng.internal.Invoker.invokeTestMethods(Invoker.java:1193)<br />
              org.testng.internal.TestMethodWorker.invokeTestMethods(TestMethodWorker.java:126)<br />
              org.testng.internal.TestMethodWorker.run(TestMethodWorker.java:109)<br />
              org.testng.TestRunner.privateRun(TestRunner.java:744)<br />
              org.testng.TestRunner.run(TestRunner.java:602)<br />
              org.testng.SuiteRunner.runTest(SuiteRunner.java:380)<br />
              org.testng.SuiteRunner.runSequentially(SuiteRunner.java:375)<br />
              org.testng.SuiteRunner.privateRun(SuiteRunner.java:340)<br />
              org.testng.SuiteRunner.run(SuiteRunner.java:289)<br />
              org.testng.SuiteRunnerWorker.runSuite(SuiteRunnerWorker.java:52)<br />
              org.testng.SuiteRunnerWorker.run(SuiteRunnerWorker.java:86)<br />
              org.testng.TestNG.runSuitesSequentially(TestNG.java:1301)<br />
              org.testng.TestNG.runSuitesSequentially(TestNG.java:1297)<br />
              org.testng.TestNG.runSuitesLocally(TestNG.java:1226)<br />
              org.testng.TestNG.runSuites(TestNG.java:1144)<br />
              org.testng.TestNG.run(TestNG.java:1115)<br />
              org.testng.remote.AbstractRemoteTestNG.run(AbstractRemoteTestNG.java:132)<br />
              org.testng.remote.RemoteTestNG.initAndRun(RemoteTestNG.java:230)<br />
              org.testng.remote.RemoteTestNG.main(RemoteTestNG.java:76)<br />
                </div>
      </td>
</tr>
      </table>


  <table class="resultsTable">
    <tr><th colspan="3" class="header passed">Passed Tests</th></tr>
          <tr>
        <td colspan="3" class="group">com.stta.BasicUIAutoTestSuite.BasicUIAutoTestSuiteCaseM</td>
      </tr>
            
<tr>
  <td class="method">
                  BasicUIAutoTestSuiteCaseMTest
      </td>
  <td class="duration">
    15.021s
  </td>
  <td class="result">
        
          <i>Method arguments: </i><span class="arguments">"STARTAPPIUM", "", "", "PARALLEL", "15.018254395 secs"</span><br />
    
        

      </td>
</tr>
<tr>
  <td class="method">
                  BasicUIAutoTestSuiteCaseMTest
      </td>
  <td class="duration">
    0.000s
  </td>
  <td class="result">
        
          <i>Method arguments: </i><span class="arguments">"STOPAPP", "", "", "", "7.8723E-5 secs"</span><br />
    
        

      </td>
</tr>
<tr>
  <td class="method">
                  BasicUIAutoTestSuiteCaseMTest
      </td>
  <td class="duration">
    0.000s
  </td>
  <td class="result">
        
          <i>Method arguments: </i><span class="arguments">"STOPAPPIUM", "", "", "PARALLEL", "0.002354776 secs"</span><br />
    
        

      </td>
</tr>
<tr>
  <td class="method">
                  cloudData
      </td>
  <td class="duration">
    0.000s
  </td>
  <td class="result">
        
          <i>Method arguments: </i><span class="arguments">"127.0.0.1;4736;5436", "5ce6eee1;Android;6.0.1;Android;com.ftcash.agent;com.ftcash.agent.MainActivity;com.ftcash.customer.MainActivity;http://127.0.0.1:4736/wd/hub"</span><br />
    
        

      </td>
</tr>
      </table>
  
</body>
</html>
