<?xml version="1.0" encoding="UTF-8"?>
<!-- Generated by org.testng.reporters.JUnitReportReporter -->
<testsuite skipped="0" hostname="DESKTOP-EGBJ21E" name="com.stta.BasicUIAutoTestSuite.BasicUIAutoTestSuiteCaseM" tests="16" failures="1" timestamp="18 Apr 2017 12:33:58 GMT" time="69.983" errors="0">
  <testcase name="cloudData" time="0.031" classname="com.stta.BasicUIAutoTestSuite.BasicUIAutoTestSuiteCaseM"/>
  <testcase name="BasicUIAutoTestSuiteCaseMTest" time="0.632" classname="com.stta.BasicUIAutoTestSuite.BasicUIAutoTestSuiteCaseM"/>
  <testcase name="BasicUIAutoTestSuiteCaseMTest" time="0.611" classname="com.stta.BasicUIAutoTestSuite.BasicUIAutoTestSuiteCaseM"/>
  <testcase name="BasicUIAutoTestSuiteCaseMTest" time="10.398" classname="com.stta.BasicUIAutoTestSuite.BasicUIAutoTestSuiteCaseM"/>
  <testcase name="BasicUIAutoTestSuiteCaseMTest" time="15.027" classname="com.stta.BasicUIAutoTestSuite.BasicUIAutoTestSuiteCaseM"/>
  <testcase name="BasicUIAutoTestSuiteCaseMTest" time="0.228" classname="com.stta.BasicUIAutoTestSuite.BasicUIAutoTestSuiteCaseM"/>
  <testcase name="BasicUIAutoTestSuiteCaseMTest" time="0.015" classname="com.stta.BasicUIAutoTestSuite.BasicUIAutoTestSuiteCaseM"/>
  <testcase name="BasicUIAutoTestSuiteCaseMTest" time="8.916" classname="com.stta.BasicUIAutoTestSuite.BasicUIAutoTestSuiteCaseM"/>
  <testcase name="BasicUIAutoTestSuiteCaseMTest" time="0.678" classname="com.stta.BasicUIAutoTestSuite.BasicUIAutoTestSuiteCaseM"/>
  <testcase name="BasicUIAutoTestSuiteCaseMTest" time="0.749" classname="com.stta.BasicUIAutoTestSuite.BasicUIAutoTestSuiteCaseM"/>
  <testcase name="BasicUIAutoTestSuiteCaseMTest" time="15.393" classname="com.stta.BasicUIAutoTestSuite.BasicUIAutoTestSuiteCaseM">
    <failure type="java.lang.AssertionError" message="The following asserts failed:
	expected [false] but found [true]">
      <![CDATA[java.lang.AssertionError: The following asserts failed:
	expected [false] but found [true]
	at org.testng.asserts.SoftAssert.assertAll(SoftAssert.java:43)
	at com.stta.BasicUIAutoTestSuite.BasicUIAutoTestSuiteCaseM.BasicUIAutoTestSuiteCaseMTest(BasicUIAutoTestSuiteCaseM.java:137)
	at sun.reflect.NativeMethodAccessorImpl.invoke0(Native Method)
	at sun.reflect.NativeMethodAccessorImpl.invoke(Unknown Source)
	at sun.reflect.DelegatingMethodAccessorImpl.invoke(Unknown Source)
	at java.lang.reflect.Method.invoke(Unknown Source)
	at org.testng.internal.MethodInvocationHelper.invokeMethod(MethodInvocationHelper.java:108)
	at org.testng.internal.Invoker.invokeMethod(Invoker.java:661)
	at org.testng.internal.Invoker.invokeTestMethod(Invoker.java:869)
	at org.testng.internal.Invoker.invokeTestMethods(Invoker.java:1193)
	at org.testng.internal.TestMethodWorker.invokeTestMethods(TestMethodWorker.java:126)
	at org.testng.internal.TestMethodWorker.run(TestMethodWorker.java:109)
	at org.testng.TestRunner.privateRun(TestRunner.java:744)
	at org.testng.TestRunner.run(TestRunner.java:602)
	at org.testng.SuiteRunner.runTest(SuiteRunner.java:380)
	at org.testng.SuiteRunner.runSequentially(SuiteRunner.java:375)
	at org.testng.SuiteRunner.privateRun(SuiteRunner.java:340)
	at org.testng.SuiteRunner.run(SuiteRunner.java:289)
	at org.testng.SuiteRunnerWorker.runSuite(SuiteRunnerWorker.java:52)
	at org.testng.SuiteRunnerWorker.run(SuiteRunnerWorker.java:86)
	at org.testng.TestNG.runSuitesSequentially(TestNG.java:1301)
	at org.testng.TestNG.runSuitesSequentially(TestNG.java:1297)
	at org.testng.TestNG.runSuitesLocally(TestNG.java:1226)
	at org.testng.TestNG.runSuites(TestNG.java:1144)
	at org.testng.TestNG.run(TestNG.java:1115)
	at org.testng.remote.AbstractRemoteTestNG.run(AbstractRemoteTestNG.java:132)
	at org.testng.remote.RemoteTestNG.initAndRun(RemoteTestNG.java:230)
	at org.testng.remote.RemoteTestNG.main(RemoteTestNG.java:76)
]]>
    </failure>
  </testcase> <!-- BasicUIAutoTestSuiteCaseMTest -->
  <testcase name="BasicUIAutoTestSuiteCaseMTest" time="0.857" classname="com.stta.BasicUIAutoTestSuite.BasicUIAutoTestSuiteCaseM"/>
  <testcase name="BasicUIAutoTestSuiteCaseMTest" time="7.282" classname="com.stta.BasicUIAutoTestSuite.BasicUIAutoTestSuiteCaseM"/>
  <testcase name="BasicUIAutoTestSuiteCaseMTest" time="0.401" classname="com.stta.BasicUIAutoTestSuite.BasicUIAutoTestSuiteCaseM"/>
  <testcase name="BasicUIAutoTestSuiteCaseMTest" time="8.756" classname="com.stta.BasicUIAutoTestSuite.BasicUIAutoTestSuiteCaseM"/>
  <testcase name="BasicUIAutoTestSuiteCaseMTest" time="0.009" classname="com.stta.BasicUIAutoTestSuite.BasicUIAutoTestSuiteCaseM"/>
</testsuite> <!-- com.stta.BasicUIAutoTestSuite.BasicUIAutoTestSuiteCaseM -->
